# JRE version: Java(TM) SE Runtime Environment (10.0.1+10) (build 10.0.1+10)
# Java VM: Java HotSpot(TM) 64-Bit Server VM (10.0.1+10, mixed mode, tiered, compressed oops, g1 gc, windows-amd64)
Heap:
 garbage-first heap   total 131072K, used 11446K [0x0000000081400000, 0x0000000100000000)
  region size 1024K, 6 young (6144K), 2 survivors (2048K)
 Metaspace       used 21197K, capacity 21655K, committed 21884K, reserved 1069056K
  class space    used 2245K, capacity 2454K, committed 2560K, reserved 1048576K
GC Heap History (6 events):
Event: 1.405 GC heap before
{Heap before GC invocations=0 (full 0):
 garbage-first heap   total 131072K, used 16384K [0x0000000081400000, 0x0000000100000000)
  region size 1024K, 14 young (14336K), 0 survivors (0K)
 Metaspace       used 16777K, capacity 17161K, committed 17280K, reserved 1064960K
  class space    used 1714K, capacity 1920K, committed 1920K, reserved 1048576K
}
Event: 1.415 GC heap after
{Heap after GC invocations=1 (full 0):
 garbage-first heap   total 131072K, used 4625K [0x0000000081400000, 0x0000000100000000)
  region size 1024K, 2 young (2048K), 2 survivors (2048K)
 Metaspace       used 16777K, capacity 17161K, committed 17280K, reserved 1064960K
  class space    used 1714K, capacity 1920K, committed 1920K, reserved 1048576K
}
Event: 1.707 GC heap before
{Heap before GC invocations=1 (full 0):
 garbage-first heap   total 131072K, used 8721K [0x0000000081400000, 0x0000000100000000)
  region size 1024K, 6 young (6144K), 2 survivors (2048K)
 Metaspace       used 16954K, capacity 17358K, committed 17536K, reserved 1064960K
  class space    used 1716K, capacity 1920K, committed 1920K, reserved 1048576K
}
Event: 1.714 GC heap after
{Heap after GC invocations=2 (full 0):
 garbage-first heap   total 131072K, used 5570K [0x0000000081400000, 0x0000000100000000)
  region size 1024K, 1 young (1024K), 1 survivors (1024K)
 Metaspace       used 16954K, capacity 17358K, committed 17536K, reserved 1064960K
  class space    used 1716K, capacity 1920K, committed 1920K, reserved 1048576K
}
Event: 10.723 GC heap before
{Heap before GC invocations=2 (full 0):
 garbage-first heap   total 131072K, used 16834K [0x0000000081400000, 0x0000000100000000)
  region size 1024K, 12 young (12288K), 1 survivors (1024K)
 Metaspace       used 20700K, capacity 21106K, committed 21296K, reserved 1069056K
  class space    used 2223K, capacity 2420K, committed 2432K, reserved 1048576K
}
Event: 10.727 GC heap after
{Heap after GC invocations=3 (full 0):
 garbage-first heap   total 131072K, used 7350K [0x0000000081400000, 0x0000000100000000)
  region size 1024K, 2 young (2048K), 2 survivors (2048K)
 Metaspace       used 20700K, capacity 21106K, committed 21296K, reserved 1069056K
  class space    used 2223K, capacity 2420K, committed 2432K, reserved 1048576K
}

